This file contains any messages produced by compilers while
running configure, to aid debugging if configure makes a mistake.

It was created by MPEG Audio Decoder configure 0.15.1b, which was
generated by GNU Autoconf 2.69.  Invocation command line was

  $ ./configure --no-create --no-recursion

## --------- ##
## Platform. ##
## --------- ##

hostname = black-pearl
uname -m = x86_64
uname -r = 4.13.0-45-generic
uname -s = Linux
uname -v = #50~16.04.1-Ubuntu SMP Wed May 30 11:18:27 UTC 2018

/usr/bin/uname -p = unknown
/bin/uname -X     = unknown

/bin/arch              = unknown
/usr/bin/arch -k       = unknown
/usr/convex/getsysinfo = unknown
/usr/bin/hostinfo      = unknown
/bin/machine           = unknown
/usr/bin/oslevel       = unknown
/bin/universe          = unknown

PATH: /home/valerio/bin
PATH: /home/valerio/.local/bin
PATH: /usr/local/sbin
PATH: /usr/local/bin
PATH: /usr/sbin
PATH: /usr/bin
PATH: /sbin
PATH: /bin
PATH: /usr/games
PATH: /usr/local/games
PATH: /snap/bin


## ----------- ##
## Core tests. ##
## ----------- ##

configure:2927: checking for a BSD-compatible install
configure:2995: result: /usr/bin/install -c
configure:3006: checking whether build environment is sane
configure:3043: result: yes
configure:3097: checking for gawk
configure:3113: found /usr/bin/gawk
configure:3124: result: gawk
configure:3135: checking whether make sets $(MAKE)
configure:3157: result: yes
configure:3340: checking build system type
configure:3354: result: x86_64-unknown-linux-gnu
configure:3374: checking host system type
configure:3387: result: x86_64-unknown-linux-gnu
configure:3457: checking for gcc
configure:3473: found /usr/bin/gcc
configure:3484: result: gcc
configure:3713: checking for C compiler version
configure:3722: gcc --version >&5
gcc (Ubuntu 5.4.0-6ubuntu1~16.04.9) 5.4.0 20160609
Copyright (C) 2015 Free Software Foundation, Inc.
This is free software; see the source for copying conditions.  There is NO
warranty; not even for MERCHANTABILITY or FITNESS FOR A PARTICULAR PURPOSE.

configure:3733: $? = 0
configure:3722: gcc -v >&5
Using built-in specs.
COLLECT_GCC=gcc
COLLECT_LTO_WRAPPER=/usr/lib/gcc/x86_64-linux-gnu/5/lto-wrapper
Target: x86_64-linux-gnu
Configured with: ../src/configure -v --with-pkgversion='Ubuntu 5.4.0-6ubuntu1~16.04.9' --with-bugurl=file:///usr/share/doc/gcc-5/README.Bugs --enable-languages=c,ada,c++,java,go,d,fortran,objc,obj-c++ --prefix=/usr --program-suffix=-5 --enable-shared --enable-linker-build-id --libexecdir=/usr/lib --without-included-gettext --enable-threads=posix --libdir=/usr/lib --enable-nls --with-sysroot=/ --enable-clocale=gnu --enable-libstdcxx-debug --enable-libstdcxx-time=yes --with-default-libstdcxx-abi=new --enable-gnu-unique-object --disable-vtable-verify --enable-libmpx --enable-plugin --with-system-zlib --disable-browser-plugin --enable-java-awt=gtk --enable-gtk-cairo --with-java-home=/usr/lib/jvm/java-1.5.0-gcj-5-amd64/jre --enable-java-home --with-jvm-root-dir=/usr/lib/jvm/java-1.5.0-gcj-5-amd64 --with-jvm-jar-dir=/usr/lib/jvm-exports/java-1.5.0-gcj-5-amd64 --with-arch-directory=amd64 --with-ecj-jar=/usr/share/java/eclipse-ecj.jar --enable-objc-gc --enable-multiarch --disable-werror --with-arch-32=i686 --with-abi=m64 --with-multilib-list=m32,m64,mx32 --enable-multilib --with-tune=generic --enable-checking=release --build=x86_64-linux-gnu --host=x86_64-linux-gnu --target=x86_64-linux-gnu
Thread model: posix
gcc version 5.4.0 20160609 (Ubuntu 5.4.0-6ubuntu1~16.04.9) 
configure:3733: $? = 0
configure:3722: gcc -V >&5
gcc: error: unrecognized command line option '-V'
gcc: fatal error: no input files
compilation terminated.
configure:3733: $? = 1
configure:3722: gcc -qversion >&5
gcc: error: unrecognized command line option '-qversion'
gcc: fatal error: no input files
compilation terminated.
configure:3733: $? = 1
configure:3753: checking whether the C compiler works
configure:3775: gcc    conftest.c  >&5
configure:3779: $? = 0
configure:3827: result: yes
configure:3830: checking for C compiler default output file name
configure:3832: result: a.out
configure:3838: checking for suffix of executables
configure:3845: gcc -o conftest    conftest.c  >&5
configure:3849: $? = 0
configure:3871: result: 
configure:3893: checking whether we are cross compiling
configure:3901: gcc -o conftest    conftest.c  >&5
configure:3905: $? = 0
configure:3912: ./conftest
configure:3916: $? = 0
configure:3931: result: no
configure:3936: checking for suffix of object files
configure:3958: gcc -c   conftest.c >&5
configure:3962: $? = 0
configure:3983: result: o
configure:3987: checking whether we are using the GNU C compiler
configure:4006: gcc -c   conftest.c >&5
configure:4006: $? = 0
configure:4015: result: yes
configure:4024: checking whether gcc accepts -g
configure:4044: gcc -c -g  conftest.c >&5
configure:4044: $? = 0
configure:4085: result: yes
configure:4102: checking for gcc option to accept ISO C89
configure:4165: gcc  -c -g -O2  conftest.c >&5
configure:4165: $? = 0
configure:4178: result: none needed
configure:4209: checking for style of include used by make
configure:4237: result: GNU
configure:4265: checking dependency style of gcc
configure:4348: result: gcc3
configure:4460: checking for a sed that does not truncate output
configure:4514: result: /bin/sed
configure:4517: checking for grep that handles long lines and -e
configure:4575: result: /bin/grep
configure:4580: checking for egrep
configure:4642: result: /bin/grep -E
configure:4658: checking for ld used by gcc
configure:4725: result: /usr/bin/ld
configure:4732: checking if the linker (/usr/bin/ld) is GNU ld
configure:4747: result: yes
configure:4752: checking for /usr/bin/ld option to reload object files
configure:4759: result: -r
configure:4768: checking for BSD-compatible nm
configure:4810: result: /usr/bin/nm -B
configure:4814: checking whether ln -s works
configure:4818: result: yes
configure:4825: checking how to recognise dependent libraries
configure:4999: result: pass_all
configure:5084: gcc -c -g -O2  conftest.c >&5
configure:5087: $? = 0
configure:5185: checking how to run the C preprocessor
configure:5216: gcc -E  conftest.c
configure:5216: $? = 0
configure:5230: gcc -E  conftest.c
conftest.c:11:28: fatal error: ac_nonexistent.h: No such file or directory
compilation terminated.
configure:5230: $? = 1
configure: failed program was:
| /* confdefs.h */
| #define PACKAGE_NAME "MPEG Audio Decoder"
| #define PACKAGE_TARNAME "libmad"
| #define PACKAGE_VERSION "0.15.1b"
| #define PACKAGE_STRING "MPEG Audio Decoder 0.15.1b"
| #define PACKAGE_BUGREPORT "support@underbit.com"
| #define PACKAGE_URL ""
| #define PACKAGE "libmad"
| #define VERSION "0.15.1b"
| /* end confdefs.h.  */
| #include <ac_nonexistent.h>
configure:5255: result: gcc -E
configure:5275: gcc -E  conftest.c
configure:5275: $? = 0
configure:5289: gcc -E  conftest.c
conftest.c:11:28: fatal error: ac_nonexistent.h: No such file or directory
compilation terminated.
configure:5289: $? = 1
configure: failed program was:
| /* confdefs.h */
| #define PACKAGE_NAME "MPEG Audio Decoder"
| #define PACKAGE_TARNAME "libmad"
| #define PACKAGE_VERSION "0.15.1b"
| #define PACKAGE_STRING "MPEG Audio Decoder 0.15.1b"
| #define PACKAGE_BUGREPORT "support@underbit.com"
| #define PACKAGE_URL ""
| #define PACKAGE "libmad"
| #define VERSION "0.15.1b"
| /* end confdefs.h.  */
| #include <ac_nonexistent.h>
configure:5318: checking for ANSI C header files
configure:5338: gcc -c -g -O2  conftest.c >&5
configure:5338: $? = 0
configure:5411: gcc -o conftest -g -O2   conftest.c  >&5
configure:5411: $? = 0
configure:5411: ./conftest
configure:5411: $? = 0
configure:5422: result: yes
configure:5435: checking for sys/types.h
configure:5435: gcc -c -g -O2  conftest.c >&5
configure:5435: $? = 0
configure:5435: result: yes
configure:5435: checking for sys/stat.h
configure:5435: gcc -c -g -O2  conftest.c >&5
configure:5435: $? = 0
configure:5435: result: yes
configure:5435: checking for stdlib.h
configure:5435: gcc -c -g -O2  conftest.c >&5
configure:5435: $? = 0
configure:5435: result: yes
configure:5435: checking for string.h
configure:5435: gcc -c -g -O2  conftest.c >&5
configure:5435: $? = 0
configure:5435: result: yes
configure:5435: checking for memory.h
configure:5435: gcc -c -g -O2  conftest.c >&5
configure:5435: $? = 0
configure:5435: result: yes
configure:5435: checking for strings.h
configure:5435: gcc -c -g -O2  conftest.c >&5
configure:5435: $? = 0
configure:5435: result: yes
configure:5435: checking for inttypes.h
configure:5435: gcc -c -g -O2  conftest.c >&5
configure:5435: $? = 0
configure:5435: result: yes
configure:5435: checking for stdint.h
configure:5435: gcc -c -g -O2  conftest.c >&5
configure:5435: $? = 0
configure:5435: result: yes
configure:5435: checking for unistd.h
configure:5435: gcc -c -g -O2  conftest.c >&5
configure:5435: $? = 0
configure:5435: result: yes
configure:5449: checking dlfcn.h usability
configure:5449: gcc -c -g -O2  conftest.c >&5
configure:5449: $? = 0
configure:5449: result: yes
configure:5449: checking dlfcn.h presence
configure:5449: gcc -E  conftest.c
configure:5449: $? = 0
configure:5449: result: yes
configure:5449: checking for dlfcn.h
configure:5449: result: yes
configure:5517: checking for g++
configure:5533: found /usr/bin/g++
configure:5544: result: g++
configure:5571: checking for C++ compiler version
configure:5580: g++ --version >&5
g++ (Ubuntu 5.4.0-6ubuntu1~16.04.9) 5.4.0 20160609
Copyright (C) 2015 Free Software Foundation, Inc.
This is free software; see the source for copying conditions.  There is NO
warranty; not even for MERCHANTABILITY or FITNESS FOR A PARTICULAR PURPOSE.

configure:5591: $? = 0
configure:5580: g++ -v >&5
Using built-in specs.
COLLECT_GCC=g++
COLLECT_LTO_WRAPPER=/usr/lib/gcc/x86_64-linux-gnu/5/lto-wrapper
Target: x86_64-linux-gnu
Configured with: ../src/configure -v --with-pkgversion='Ubuntu 5.4.0-6ubuntu1~16.04.9' --with-bugurl=file:///usr/share/doc/gcc-5/README.Bugs --enable-languages=c,ada,c++,java,go,d,fortran,objc,obj-c++ --prefix=/usr --program-suffix=-5 --enable-shared --enable-linker-build-id --libexecdir=/usr/lib --without-included-gettext --enable-threads=posix --libdir=/usr/lib --enable-nls --with-sysroot=/ --enable-clocale=gnu --enable-libstdcxx-debug --enable-libstdcxx-time=yes --with-default-libstdcxx-abi=new --enable-gnu-unique-object --disable-vtable-verify --enable-libmpx --enable-plugin --with-system-zlib --disable-browser-plugin --enable-java-awt=gtk --enable-gtk-cairo --with-java-home=/usr/lib/jvm/java-1.5.0-gcj-5-amd64/jre --enable-java-home --with-jvm-root-dir=/usr/lib/jvm/java-1.5.0-gcj-5-amd64 --with-jvm-jar-dir=/usr/lib/jvm-exports/java-1.5.0-gcj-5-amd64 --with-arch-directory=amd64 --with-ecj-jar=/usr/share/java/eclipse-ecj.jar --enable-objc-gc --enable-multiarch --disable-werror --with-arch-32=i686 --with-abi=m64 --with-multilib-list=m32,m64,mx32 --enable-multilib --with-tune=generic --enable-checking=release --build=x86_64-linux-gnu --host=x86_64-linux-gnu --target=x86_64-linux-gnu
Thread model: posix
gcc version 5.4.0 20160609 (Ubuntu 5.4.0-6ubuntu1~16.04.9) 
configure:5591: $? = 0
configure:5580: g++ -V >&5
g++: error: unrecognized command line option '-V'
g++: fatal error: no input files
compilation terminated.
configure:5591: $? = 1
configure:5580: g++ -qversion >&5
g++: error: unrecognized command line option '-qversion'
g++: fatal error: no input files
compilation terminated.
configure:5591: $? = 1
configure:5595: checking whether we are using the GNU C++ compiler
configure:5614: g++ -c   conftest.cpp >&5
configure:5614: $? = 0
configure:5623: result: yes
configure:5632: checking whether g++ accepts -g
configure:5652: g++ -c -g  conftest.cpp >&5
configure:5652: $? = 0
configure:5693: result: yes
configure:5718: checking dependency style of g++
configure:5801: result: gcc3
configure:5823: checking how to run the C++ preprocessor
configure:5850: g++ -E  conftest.cpp
configure:5850: $? = 0
configure:5864: g++ -E  conftest.cpp
conftest.cpp:22:28: fatal error: ac_nonexistent.h: No such file or directory
compilation terminated.
configure:5864: $? = 1
configure: failed program was:
| /* confdefs.h */
| #define PACKAGE_NAME "MPEG Audio Decoder"
| #define PACKAGE_TARNAME "libmad"
| #define PACKAGE_VERSION "0.15.1b"
| #define PACKAGE_STRING "MPEG Audio Decoder 0.15.1b"
| #define PACKAGE_BUGREPORT "support@underbit.com"
| #define PACKAGE_URL ""
| #define PACKAGE "libmad"
| #define VERSION "0.15.1b"
| #define STDC_HEADERS 1
| #define HAVE_SYS_TYPES_H 1
| #define HAVE_SYS_STAT_H 1
| #define HAVE_STDLIB_H 1
| #define HAVE_STRING_H 1
| #define HAVE_MEMORY_H 1
| #define HAVE_STRINGS_H 1
| #define HAVE_INTTYPES_H 1
| #define HAVE_STDINT_H 1
| #define HAVE_UNISTD_H 1
| #define HAVE_DLFCN_H 1
| /* end confdefs.h.  */
| #include <ac_nonexistent.h>
configure:5889: result: g++ -E
configure:5909: g++ -E  conftest.cpp
configure:5909: $? = 0
configure:5923: g++ -E  conftest.cpp
conftest.cpp:22:28: fatal error: ac_nonexistent.h: No such file or directory
compilation terminated.
configure:5923: $? = 1
configure: failed program was:
| /* confdefs.h */
| #define PACKAGE_NAME "MPEG Audio Decoder"
| #define PACKAGE_TARNAME "libmad"
| #define PACKAGE_VERSION "0.15.1b"
| #define PACKAGE_STRING "MPEG Audio Decoder 0.15.1b"
| #define PACKAGE_BUGREPORT "support@underbit.com"
| #define PACKAGE_URL ""
| #define PACKAGE "libmad"
| #define VERSION "0.15.1b"
| #define STDC_HEADERS 1
| #define HAVE_SYS_TYPES_H 1
| #define HAVE_SYS_STAT_H 1
| #define HAVE_STDLIB_H 1
| #define HAVE_STRING_H 1
| #define HAVE_MEMORY_H 1
| #define HAVE_STRINGS_H 1
| #define HAVE_INTTYPES_H 1
| #define HAVE_STDINT_H 1
| #define HAVE_UNISTD_H 1
| #define HAVE_DLFCN_H 1
| /* end confdefs.h.  */
| #include <ac_nonexistent.h>
configure:6005: checking for g77
configure:6035: result: no
configure:6005: checking for xlf
configure:6035: result: no
configure:6005: checking for f77
configure:6035: result: no
configure:6005: checking for frt
configure:6035: result: no
configure:6005: checking for pgf77
configure:6035: result: no
configure:6005: checking for cf77
configure:6035: result: no
configure:6005: checking for fort77
configure:6035: result: no
configure:6005: checking for fl32
configure:6035: result: no
configure:6005: checking for af77
configure:6035: result: no
configure:6005: checking for xlf90
configure:6035: result: no
configure:6005: checking for f90
configure:6035: result: no
configure:6005: checking for pgf90
configure:6035: result: no
configure:6005: checking for pghpf
configure:6035: result: no
configure:6005: checking for epcf90
configure:6035: result: no
configure:6005: checking for gfortran
configure:6035: result: no
configure:6005: checking for g95
configure:6035: result: no
configure:6005: checking for xlf95
configure:6035: result: no
configure:6005: checking for f95
configure:6035: result: no
configure:6005: checking for fort
configure:6035: result: no
configure:6005: checking for ifort
configure:6035: result: no
configure:6005: checking for ifc
configure:6035: result: no
configure:6005: checking for efc
configure:6035: result: no
configure:6005: checking for pgfortran
configure:6035: result: no
configure:6005: checking for pgf95
configure:6035: result: no
configure:6005: checking for lf95
configure:6035: result: no
configure:6005: checking for ftn
configure:6035: result: no
configure:6005: checking for nagfor
configure:6035: result: no
configure:6058: checking for Fortran 77 compiler version
configure:6067:  --version >&5
./configure: line 6069: --version: command not found
configure:6078: $? = 127
configure:6067:  -v >&5
./configure: line 6069: -v: command not found
configure:6078: $? = 127
configure:6067:  -V >&5
./configure: line 6069: -V: command not found
configure:6078: $? = 127
configure:6067:  -qversion >&5
./configure: line 6069: -qversion: command not found
configure:6078: $? = 127
configure:6087: checking whether we are using the GNU Fortran 77 compiler
configure:6100:  -c  conftest.F >&5
./configure: line 2221: -c: command not found
configure:6100: $? = 127
configure: failed program was:
|       program main
| #ifndef __GNUC__
|        choke me
| #endif
| 
|       end
configure:6109: result: no
configure:6115: checking whether  accepts -g
configure:6126:  -c -g conftest.f >&5
./configure: line 2221: -c: command not found
configure:6126: $? = 127
configure: failed program was:
|       program main
| 
|       end
configure:6134: result: no
configure:6168: checking the maximum length of command line arguments
configure:6233: result: 32768
configure:6244: checking command to parse /usr/bin/nm -B output from gcc object
configure:6333: gcc -c -g -O2  conftest.c >&5
configure:6336: $? = 0
configure:6340: /usr/bin/nm -B conftest.o \| sed -n -e 's/^.*[ 	]\([ABCDGIRSTW][ABCDGIRSTW]*\)[ 	][ 	]*\(\)\([_A-Za-z][_A-Za-z0-9]*\)$/\1 \2\3 \3/p' \> conftest.nm
configure:6343: $? = 0
configure:6395: gcc -o conftest -g -O2   conftest.c conftstm.o >&5
configure:6398: $? = 0
configure:6436: result: ok
configure:6440: checking for objdir
configure:6455: result: .libs
configure:6547: checking for ar
configure:6563: found /usr/bin/ar
configure:6574: result: ar
configure:6639: checking for ranlib
configure:6655: found /usr/bin/ranlib
configure:6666: result: ranlib
configure:6731: checking for strip
configure:6747: found /usr/bin/strip
configure:6758: result: strip
configure:7030: checking if gcc static flag  works
configure:7053: result: yes
configure:7071: checking if gcc supports -fno-rtti -fno-exceptions
configure:7089: gcc -c -g -O2  -fno-rtti -fno-exceptions conftest.c >&5
cc1: warning: command line option '-fno-rtti' is valid for C++/ObjC++ but not for C
configure:7093: $? = 0
configure:7104: result: no
configure:7119: checking for gcc option to produce PIC
configure:7296: result: -fPIC
configure:7304: checking if gcc PIC flag -fPIC works
configure:7322: gcc -c -g -O2  -fPIC -DPIC conftest.c >&5
configure:7326: $? = 0
configure:7337: result: yes
configure:7361: checking if gcc supports -c -o file.o
configure:7382: gcc -c -g -O2  -o out/conftest2.o conftest.c >&5
configure:7386: $? = 0
configure:7406: result: yes
configure:7432: checking whether the gcc linker (/usr/bin/ld -m elf_x86_64) supports shared libraries
configure:8222: result: yes
configure:8248: checking whether -lc should be explicitly linked in
configure:8253: gcc -c -g -O2  conftest.c >&5
configure:8256: $? = 0
configure:8270: gcc -shared conftest.o  -v -Wl,-soname -Wl,conftest -o conftest 2\>\&1 \| grep  -lc  \>/dev/null 2\>\&1
configure:8273: $? = 0
configure:8285: result: no
configure:8293: checking dynamic linker characteristics
configure:8833: result: GNU/Linux ld.so
configure:8837: checking how to hardcode library paths into programs
configure:8862: result: immediate
configure:8876: checking whether stripping libraries is possible
configure:8881: result: yes
configure:9393: checking if libtool supports shared libraries
configure:9395: result: yes
configure:9398: checking whether to build shared libraries
configure:9456: result: yes
configure:9459: checking whether to build static libraries
configure:9463: result: yes
configure:9555: creating libtool
configure:10098: checking for ld used by g++
configure:10165: result: /usr/bin/ld -m elf_x86_64
configure:10172: checking if the linker (/usr/bin/ld -m elf_x86_64) is GNU ld
configure:10187: result: yes
configure:10238: checking whether the g++ linker (/usr/bin/ld -m elf_x86_64) supports shared libraries
configure:11008: result: yes
configure:11026: g++ -c -g -O2  conftest.cc >&5
configure:11029: $? = 0
configure:11125: checking for g++ option to produce PIC
configure:11377: result: -fPIC
configure:11385: checking if g++ PIC flag -fPIC works
configure:11403: g++ -c -g -O2  -fPIC -DPIC conftest.cc >&5
configure:11407: $? = 0
configure:11418: result: yes
configure:11442: checking if g++ supports -c -o file.o
configure:11463: g++ -c -g -O2  -o out/conftest2.o conftest.cc >&5
configure:11467: $? = 0
configure:11487: result: yes
configure:11513: checking whether the g++ linker (/usr/bin/ld -m elf_x86_64) supports shared libraries
configure:11538: result: yes
configure:11609: checking dynamic linker characteristics
configure:12149: result: GNU/Linux ld.so
configure:12153: checking how to hardcode library paths into programs
configure:12178: result: immediate
configure:12192: checking whether stripping libraries is possible
configure:12197: result: yes
configure:18822: checking for ANSI C header files
configure:18926: result: yes
configure:18934: checking for sys/wait.h that is POSIX.1 compatible
configure:18960: gcc -c -Wall  conftest.c >&5
configure:18960: $? = 0
configure:18967: result: yes
configure:18978: checking assert.h usability
configure:18978: gcc -c -Wall  conftest.c >&5
configure:18978: $? = 0
configure:18978: result: yes
configure:18978: checking assert.h presence
configure:18978: gcc -E  conftest.c
configure:18978: $? = 0
configure:18978: result: yes
configure:18978: checking for assert.h
configure:18978: result: yes
configure:18978: checking limits.h usability
configure:18978: gcc -c -Wall  conftest.c >&5
configure:18978: $? = 0
configure:18978: result: yes
configure:18978: checking limits.h presence
configure:18978: gcc -E  conftest.c
configure:18978: $? = 0
configure:18978: result: yes
configure:18978: checking for limits.h
configure:18978: result: yes
configure:18978: checking for unistd.h
configure:18978: result: yes
configure:18978: checking for sys/types.h
configure:18978: result: yes
configure:18978: checking fcntl.h usability
configure:18978: gcc -c -Wall  conftest.c >&5
configure:18978: $? = 0
configure:18978: result: yes
configure:18978: checking fcntl.h presence
configure:18978: gcc -E  conftest.c
configure:18978: $? = 0
configure:18978: result: yes
configure:18978: checking for fcntl.h
configure:18978: result: yes
configure:18978: checking errno.h usability
configure:18978: gcc -c -Wall  conftest.c >&5
configure:18978: $? = 0
configure:18978: result: yes
configure:18978: checking errno.h presence
configure:18978: gcc -E  conftest.c
configure:18978: $? = 0
configure:18978: result: yes
configure:18978: checking for errno.h
configure:18978: result: yes
configure:18990: checking for an ANSI C-conforming const
configure:19056: gcc -c -Wall  conftest.c >&5
configure:19056: $? = 0
configure:19063: result: yes
configure:19071: checking for inline
configure:19087: gcc -c -Wall  conftest.c >&5
configure:19087: $? = 0
configure:19095: result: inline
configure:19113: checking whether byte ordering is bigendian
configure:19128: gcc -c -Wall  conftest.c >&5
conftest.c:31:9: error: unknown type name 'not'
         not a universal capable compiler
         ^
conftest.c:31:15: error: expected '=', ',', ';', 'asm' or '__attribute__' before 'universal'
         not a universal capable compiler
               ^
conftest.c:31:15: error: unknown type name 'universal'
configure:19128: $? = 1
configure: failed program was:
| /* confdefs.h */
| #define PACKAGE_NAME "MPEG Audio Decoder"
| #define PACKAGE_TARNAME "libmad"
| #define PACKAGE_VERSION "0.15.1b"
| #define PACKAGE_STRING "MPEG Audio Decoder 0.15.1b"
| #define PACKAGE_BUGREPORT "support@underbit.com"
| #define PACKAGE_URL ""
| #define PACKAGE "libmad"
| #define VERSION "0.15.1b"
| #define STDC_HEADERS 1
| #define HAVE_SYS_TYPES_H 1
| #define HAVE_SYS_STAT_H 1
| #define HAVE_STDLIB_H 1
| #define HAVE_STRING_H 1
| #define HAVE_MEMORY_H 1
| #define HAVE_STRINGS_H 1
| #define HAVE_INTTYPES_H 1
| #define HAVE_STDINT_H 1
| #define HAVE_UNISTD_H 1
| #define HAVE_DLFCN_H 1
| #define STDC_HEADERS 1
| #define HAVE_SYS_WAIT_H 1
| #define HAVE_ASSERT_H 1
| #define HAVE_LIMITS_H 1
| #define HAVE_UNISTD_H 1
| #define HAVE_SYS_TYPES_H 1
| #define HAVE_FCNTL_H 1
| #define HAVE_ERRNO_H 1
| /* end confdefs.h.  */
| #ifndef __APPLE_CC__
| 	       not a universal capable compiler
| 	     #endif
| 	     typedef int dummy;
| 
configure:19173: gcc -c -Wall  conftest.c >&5
configure:19173: $? = 0
configure:19191: gcc -c -Wall  conftest.c >&5
conftest.c: In function 'main':
conftest.c:37:4: error: unknown type name 'not'
    not big endian
    ^
conftest.c:37:12: error: expected '=', ',', ';', 'asm' or '__attribute__' before 'endian'
    not big endian
            ^
configure:19191: $? = 1
configure: failed program was:
| /* confdefs.h */
| #define PACKAGE_NAME "MPEG Audio Decoder"
| #define PACKAGE_TARNAME "libmad"
| #define PACKAGE_VERSION "0.15.1b"
| #define PACKAGE_STRING "MPEG Audio Decoder 0.15.1b"
| #define PACKAGE_BUGREPORT "support@underbit.com"
| #define PACKAGE_URL ""
| #define PACKAGE "libmad"
| #define VERSION "0.15.1b"
| #define STDC_HEADERS 1
| #define HAVE_SYS_TYPES_H 1
| #define HAVE_SYS_STAT_H 1
| #define HAVE_STDLIB_H 1
| #define HAVE_STRING_H 1
| #define HAVE_MEMORY_H 1
| #define HAVE_STRINGS_H 1
| #define HAVE_INTTYPES_H 1
| #define HAVE_STDINT_H 1
| #define HAVE_UNISTD_H 1
| #define HAVE_DLFCN_H 1
| #define STDC_HEADERS 1
| #define HAVE_SYS_WAIT_H 1
| #define HAVE_ASSERT_H 1
| #define HAVE_LIMITS_H 1
| #define HAVE_UNISTD_H 1
| #define HAVE_SYS_TYPES_H 1
| #define HAVE_FCNTL_H 1
| #define HAVE_ERRNO_H 1
| /* end confdefs.h.  */
| #include <sys/types.h>
| 		#include <sys/param.h>
| 
| int
| main ()
| {
| #if BYTE_ORDER != BIG_ENDIAN
| 		 not big endian
| 		#endif
| 
|   ;
|   return 0;
| }
configure:19319: result: no
configure:19337: checking for pid_t
configure:19337: gcc -c -Wall  conftest.c >&5
configure:19337: $? = 0
configure:19337: gcc -c -Wall  conftest.c >&5
conftest.c: In function 'main':
conftest.c:66:20: error: expected expression before ')' token
 if (sizeof ((pid_t)))
                    ^
configure:19337: $? = 1
configure: failed program was:
| /* confdefs.h */
| #define PACKAGE_NAME "MPEG Audio Decoder"
| #define PACKAGE_TARNAME "libmad"
| #define PACKAGE_VERSION "0.15.1b"
| #define PACKAGE_STRING "MPEG Audio Decoder 0.15.1b"
| #define PACKAGE_BUGREPORT "support@underbit.com"
| #define PACKAGE_URL ""
| #define PACKAGE "libmad"
| #define VERSION "0.15.1b"
| #define STDC_HEADERS 1
| #define HAVE_SYS_TYPES_H 1
| #define HAVE_SYS_STAT_H 1
| #define HAVE_STDLIB_H 1
| #define HAVE_STRING_H 1
| #define HAVE_MEMORY_H 1
| #define HAVE_STRINGS_H 1
| #define HAVE_INTTYPES_H 1
| #define HAVE_STDINT_H 1
| #define HAVE_UNISTD_H 1
| #define HAVE_DLFCN_H 1
| #define STDC_HEADERS 1
| #define HAVE_SYS_WAIT_H 1
| #define HAVE_ASSERT_H 1
| #define HAVE_LIMITS_H 1
| #define HAVE_UNISTD_H 1
| #define HAVE_SYS_TYPES_H 1
| #define HAVE_FCNTL_H 1
| #define HAVE_ERRNO_H 1
| /* end confdefs.h.  */
| #include <stdio.h>
| #ifdef HAVE_SYS_TYPES_H
| # include <sys/types.h>
| #endif
| #ifdef HAVE_SYS_STAT_H
| # include <sys/stat.h>
| #endif
| #ifdef STDC_HEADERS
| # include <stdlib.h>
| # include <stddef.h>
| #else
| # ifdef HAVE_STDLIB_H
| #  include <stdlib.h>
| # endif
| #endif
| #ifdef HAVE_STRING_H
| # if !defined STDC_HEADERS && defined HAVE_MEMORY_H
| #  include <memory.h>
| # endif
| # include <string.h>
| #endif
| #ifdef HAVE_STRINGS_H
| # include <strings.h>
| #endif
| #ifdef HAVE_INTTYPES_H
| # include <inttypes.h>
| #endif
| #ifdef HAVE_STDINT_H
| # include <stdint.h>
| #endif
| #ifdef HAVE_UNISTD_H
| # include <unistd.h>
| #endif
| int
| main ()
| {
| if (sizeof ((pid_t)))
| 	    return 0;
|   ;
|   return 0;
| }
configure:19337: result: yes
configure:19353: checking size of int
configure:19358: gcc -o conftest -Wall   conftest.c  >&5
configure:19358: $? = 0
configure:19358: ./conftest
configure:19358: $? = 0
configure:19372: result: 4
configure:19386: checking size of long
configure:19391: gcc -o conftest -Wall   conftest.c  >&5
configure:19391: $? = 0
configure:19391: ./conftest
configure:19391: $? = 0
configure:19405: result: 8
configure:19419: checking size of long long
configure:19424: gcc -o conftest -Wall   conftest.c  >&5
configure:19424: $? = 0
configure:19424: ./conftest
configure:19424: $? = 0
configure:19438: result: 8
configure:19453: checking for waitpid
configure:19453: gcc -o conftest -Wall   conftest.c  >&5
configure:19453: $? = 0
configure:19453: result: yes
configure:19453: checking for fcntl
configure:19453: gcc -o conftest -Wall   conftest.c  >&5
configure:19453: $? = 0
configure:19453: result: yes
configure:19453: checking for pipe
configure:19453: gcc -o conftest -Wall   conftest.c  >&5
configure:19453: $? = 0
configure:19453: result: yes
configure:19453: checking for fork
configure:19453: gcc -o conftest -Wall   conftest.c  >&5
conftest.c:59:6: warning: conflicting types for built-in function 'fork'
 char fork ();
      ^
configure:19453: $? = 0
configure:19453: result: yes
configure:19555: checking whether to optimize for speed or for accuracy
configure:19593: result: default
configure:19601: checking for architecture-specific fixed-point math routines
configure:19638: result: DEFAULT
configure:19643: WARNING: default fixed-point math will yield limited accuracy
configure:19692: checking for ISO/IEC interpretation
configure:19708: result: best accepted practices
configure:19711: checking whether to enable profiling
configure:19722: result: no
configure:19725: checking whether to enable debugging
configure:19756: result: default
configure:19759: checking whether to enable experimental code
configure:19774: result: no
configure:19913: creating ./config.status

## ---------------- ##
## Cache variables. ##
## ---------------- ##

ac_cv_build=x86_64-unknown-linux-gnu
ac_cv_c_bigendian=no
ac_cv_c_compiler_gnu=yes
ac_cv_c_const=yes
ac_cv_c_inline=inline
ac_cv_cxx_compiler_gnu=yes
ac_cv_env_CCASFLAGS_set=
ac_cv_env_CCASFLAGS_value=
ac_cv_env_CCAS_set=
ac_cv_env_CCAS_value=
ac_cv_env_CCC_set=
ac_cv_env_CCC_value=
ac_cv_env_CC_set=
ac_cv_env_CC_value=
ac_cv_env_CFLAGS_set=
ac_cv_env_CFLAGS_value=
ac_cv_env_CPPFLAGS_set=
ac_cv_env_CPPFLAGS_value=
ac_cv_env_CPP_set=
ac_cv_env_CPP_value=
ac_cv_env_CXXCPP_set=
ac_cv_env_CXXCPP_value=
ac_cv_env_CXXFLAGS_set=
ac_cv_env_CXXFLAGS_value=
ac_cv_env_CXX_set=
ac_cv_env_CXX_value=
ac_cv_env_F77_set=
ac_cv_env_F77_value=
ac_cv_env_FFLAGS_set=
ac_cv_env_FFLAGS_value=
ac_cv_env_LDFLAGS_set=
ac_cv_env_LDFLAGS_value=
ac_cv_env_LIBS_set=
ac_cv_env_LIBS_value=
ac_cv_env_build_alias_set=
ac_cv_env_build_alias_value=
ac_cv_env_host_alias_set=
ac_cv_env_host_alias_value=
ac_cv_env_target_alias_set=
ac_cv_env_target_alias_value=
ac_cv_f77_compiler_gnu=no
ac_cv_func_fcntl=yes
ac_cv_func_fork=yes
ac_cv_func_pipe=yes
ac_cv_func_waitpid=yes
ac_cv_header_assert_h=yes
ac_cv_header_dlfcn_h=yes
ac_cv_header_errno_h=yes
ac_cv_header_fcntl_h=yes
ac_cv_header_inttypes_h=yes
ac_cv_header_limits_h=yes
ac_cv_header_memory_h=yes
ac_cv_header_stdc=yes
ac_cv_header_stdint_h=yes
ac_cv_header_stdlib_h=yes
ac_cv_header_string_h=yes
ac_cv_header_strings_h=yes
ac_cv_header_sys_stat_h=yes
ac_cv_header_sys_types_h=yes
ac_cv_header_sys_wait_h=yes
ac_cv_header_unistd_h=yes
ac_cv_host=x86_64-unknown-linux-gnu
ac_cv_objext=o
ac_cv_path_EGREP='/bin/grep -E'
ac_cv_path_GREP=/bin/grep
ac_cv_path_install='/usr/bin/install -c'
ac_cv_prog_AWK=gawk
ac_cv_prog_CPP='gcc -E'
ac_cv_prog_CXXCPP='g++ -E'
ac_cv_prog_ac_ct_AR=ar
ac_cv_prog_ac_ct_CC=gcc
ac_cv_prog_ac_ct_CXX=g++
ac_cv_prog_ac_ct_RANLIB=ranlib
ac_cv_prog_ac_ct_STRIP=strip
ac_cv_prog_cc_c89=
ac_cv_prog_cc_g=yes
ac_cv_prog_cxx_g=yes
ac_cv_prog_f77_g=no
ac_cv_prog_make_make_set=yes
ac_cv_sizeof_int=4
ac_cv_sizeof_long=8
ac_cv_sizeof_long_long=8
ac_cv_type_pid_t=yes
am_cv_CC_dependencies_compiler_type=gcc3
am_cv_CXX_dependencies_compiler_type=gcc3
lt_cv_deplibs_check_method=pass_all
lt_cv_file_magic_cmd='$MAGIC_CMD'
lt_cv_file_magic_test_file=
lt_cv_ld_reload_flag=-r
lt_cv_objdir=.libs
lt_cv_path_LD=/usr/bin/ld
lt_cv_path_LDCXX='/usr/bin/ld -m elf_x86_64'
lt_cv_path_NM='/usr/bin/nm -B'
lt_cv_path_SED=/bin/sed
lt_cv_prog_compiler_c_o=yes
lt_cv_prog_compiler_c_o_CXX=yes
lt_cv_prog_compiler_rtti_exceptions=no
lt_cv_prog_gnu_ld=yes
lt_cv_prog_gnu_ldcxx=yes
lt_cv_sys_global_symbol_pipe='sed -n -e '\''s/^.*[ 	]\([ABCDGIRSTW][ABCDGIRSTW]*\)[ 	][ 	]*\(\)\([_A-Za-z][_A-Za-z0-9]*\)$/\1 \2\3 \3/p'\'''
lt_cv_sys_global_symbol_to_c_name_address='sed -n -e '\''s/^: \([^ ]*\) $/  {\"\1\", (lt_ptr) 0},/p'\'' -e '\''s/^[BCDEGRST] \([^ ]*\) \([^ ]*\)$/  {"\2", (lt_ptr) \&\2},/p'\'''
lt_cv_sys_global_symbol_to_cdecl='sed -n -e '\''s/^. .* \(.*\)$/extern int \1;/p'\'''
lt_cv_sys_max_cmd_len=32768
lt_lt_cv_prog_compiler_c_o='"yes"'
lt_lt_cv_prog_compiler_c_o_CXX='"yes"'
lt_lt_cv_sys_global_symbol_pipe='"sed -n -e '\''s/^.*[ 	]\\([ABCDGIRSTW][ABCDGIRSTW]*\\)[ 	][ 	]*\\(\\)\\([_A-Za-z][_A-Za-z0-9]*\\)\$/\\1 \\2\\3 \\3/p'\''"'
lt_lt_cv_sys_global_symbol_to_c_name_address='"sed -n -e '\''s/^: \\([^ ]*\\) \$/  {\\\"\\1\\\", (lt_ptr) 0},/p'\'' -e '\''s/^[BCDEGRST] \\([^ ]*\\) \\([^ ]*\\)\$/  {\"\\2\", (lt_ptr) \\&\\2},/p'\''"'
lt_lt_cv_sys_global_symbol_to_cdecl='"sed -n -e '\''s/^. .* \\(.*\\)\$/extern int \\1;/p'\''"'

## ----------------- ##
## Output variables. ##
## ----------------- ##

ACLOCAL='${SHELL} /home/valerio/Desktop/libmad-static/missing --run aclocal-1.8'
AMDEPBACKSLASH='\'
AMDEP_FALSE='#'
AMDEP_TRUE=''
AMTAR='${SHELL} /home/valerio/Desktop/libmad-static/missing --run tar'
AR='ar'
ASO=''
ASO_OBJS=''
AUTOCONF='${SHELL} /home/valerio/Desktop/libmad-static/missing --run autoconf'
AUTOHEADER='${SHELL} /home/valerio/Desktop/libmad-static/missing --run autoheader'
AUTOMAKE='${SHELL} /home/valerio/Desktop/libmad-static/missing --run automake-1.8'
AWK='gawk'
CC='gcc'
CCAS='gcc'
CCASFLAGS='-g -O2'
CCDEPMODE='depmode=gcc3'
CFLAGS='-Wall -g -O -fforce-addr -fthread-jumps -fcse-follow-jumps -fcse-skip-blocks -fexpensive-optimizations -fregmove -fschedule-insns2'
CPP='gcc -E'
CPPFLAGS=''
CXX='g++'
CXXCPP='g++ -E'
CXXDEPMODE='depmode=gcc3'
CXXFLAGS='-g -O2'
CYGPATH_W='echo'
DEFS='-DHAVE_CONFIG_H'
DEPDIR='.deps'
ECHO='echo'
ECHO_C=''
ECHO_N='-n'
ECHO_T=''
EGREP='/bin/grep -E'
EXEEXT=''
F77=''
FFLAGS=''
FPM='-DFPM_DEFAULT'
GREP='/bin/grep'
INSTALL_DATA='${INSTALL} -m 644'
INSTALL_PROGRAM='${INSTALL}'
INSTALL_SCRIPT='${INSTALL}'
INSTALL_STRIP_PROGRAM='${SHELL} $(install_sh) -c -s'
LDFLAGS=''
LIBOBJS=''
LIBS=''
LIBTOOL='$(SHELL) $(top_builddir)/libtool'
LIBTOOL_DEPS='./ltmain.sh'
LN_S='ln -s'
LTLIBOBJS=''
MAKEINFO='${SHELL} /home/valerio/Desktop/libmad-static/missing --run makeinfo'
OBJEXT='o'
PACKAGE='libmad'
PACKAGE_BUGREPORT='support@underbit.com'
PACKAGE_NAME='MPEG Audio Decoder'
PACKAGE_STRING='MPEG Audio Decoder 0.15.1b'
PACKAGE_TARNAME='libmad'
PACKAGE_URL=''
PACKAGE_VERSION='0.15.1b'
PATH_SEPARATOR=':'
RANLIB='ranlib'
SET_MAKE=''
SHELL='/bin/bash'
STRIP='strip'
VERSION='0.15.1b'
ac_ct_CC='gcc'
ac_ct_CXX='g++'
ac_ct_F77=''
am__fastdepCC_FALSE='#'
am__fastdepCC_TRUE=''
am__fastdepCXX_FALSE='#'
am__fastdepCXX_TRUE=''
am__include='include'
am__leading_dot='.'
am__quote=''
bindir='${exec_prefix}/bin'
build='x86_64-unknown-linux-gnu'
build_alias=''
build_cpu='x86_64'
build_os='linux-gnu'
build_vendor='unknown'
datadir='${datarootdir}'
datarootdir='${prefix}/share'
docdir='${datarootdir}/doc/${PACKAGE_TARNAME}'
dvidir='${docdir}'
exec_prefix='${prefix}'
host='x86_64-unknown-linux-gnu'
host_alias=''
host_cpu='x86_64'
host_os='linux-gnu'
host_vendor='unknown'
htmldir='${docdir}'
includedir='${prefix}/include'
infodir='${datarootdir}/info'
install_sh='/home/valerio/Desktop/libmad-static/install-sh'
libdir='${exec_prefix}/lib'
libexecdir='${exec_prefix}/libexec'
localedir='${datarootdir}/locale'
localstatedir='${prefix}/var'
mandir='${datarootdir}/man'
mkdir_p='mkdir -p -- .'
oldincludedir='/usr/include'
pdfdir='${docdir}'
prefix='/usr/local'
program_transform_name='s,x,x,'
psdir='${docdir}'
sbindir='${exec_prefix}/sbin'
sharedstatedir='${prefix}/com'
sysconfdir='${prefix}/etc'
target_alias=''

## ----------- ##
## confdefs.h. ##
## ----------- ##

/* confdefs.h */
#define PACKAGE_NAME "MPEG Audio Decoder"
#define PACKAGE_TARNAME "libmad"
#define PACKAGE_VERSION "0.15.1b"
#define PACKAGE_STRING "MPEG Audio Decoder 0.15.1b"
#define PACKAGE_BUGREPORT "support@underbit.com"
#define PACKAGE_URL ""
#define PACKAGE "libmad"
#define VERSION "0.15.1b"
#define STDC_HEADERS 1
#define HAVE_SYS_TYPES_H 1
#define HAVE_SYS_STAT_H 1
#define HAVE_STDLIB_H 1
#define HAVE_STRING_H 1
#define HAVE_MEMORY_H 1
#define HAVE_STRINGS_H 1
#define HAVE_INTTYPES_H 1
#define HAVE_STDINT_H 1
#define HAVE_UNISTD_H 1
#define HAVE_DLFCN_H 1
#define STDC_HEADERS 1
#define HAVE_SYS_WAIT_H 1
#define HAVE_ASSERT_H 1
#define HAVE_LIMITS_H 1
#define HAVE_UNISTD_H 1
#define HAVE_SYS_TYPES_H 1
#define HAVE_FCNTL_H 1
#define HAVE_ERRNO_H 1
#define SIZEOF_INT 4
#define SIZEOF_LONG 8
#define SIZEOF_LONG_LONG 8
#define HAVE_WAITPID 1
#define HAVE_FCNTL 1
#define HAVE_PIPE 1
#define HAVE_FORK 1

configure: exit 0

## ---------------------- ##
## Running config.status. ##
## ---------------------- ##

This file was extended by MPEG Audio Decoder config.status 0.15.1b, which was
generated by GNU Autoconf 2.69.  Invocation command line was

  CONFIG_FILES    = 
  CONFIG_HEADERS  = 
  CONFIG_LINKS    = 
  CONFIG_COMMANDS = 
  $ ./config.status 

on black-pearl

config.status:887: creating Makefile
config.status:990: WARNING:  'Makefile.in' seems to ignore the --datarootdir setting
config.status:887: creating msvc++/Makefile
config.status:990: WARNING:  'msvc++/Makefile.in' seems to ignore the --datarootdir setting
config.status:887: creating libmad.list
config.status:887: creating config.h
config.status:1062: config.h is unchanged
config.status:1109: executing depfiles commands
